<?xml version="1.0" encoding="UTF-8"?>
<testng-results skipped="0" failed="0" ignored="0" total="1" passed="1">
  <reporter-output>
  </reporter-output>
  <suite name="Suite" duration-ms="114434" started-at="2018-06-21T15:11:59Z" finished-at="2018-06-21T15:13:54Z">
    <groups>
    </groups>
    <test name="Test1" duration-ms="114434" started-at="2018-06-21T15:11:59Z" finished-at="2018-06-21T15:13:54Z">
      <class name="com.stearns.suite.TC2_VerifyAddLoan">
        <test-method status="PASS" signature="setUp()[pri:0, instance:com.stearns.suite.TC2_VerifyAddLoan@550ee7e5]" name="setUp" is-config="true" duration-ms="16589" started-at="2018-06-21T15:11:59Z" finished-at="2018-06-21T15:12:16Z">
          <reporter-output>
          </reporter-output>
        </test-method> <!-- setUp -->
        <test-method status="PASS" signature="VerifyAddLoan()[pri:0, instance:com.stearns.suite.TC2_VerifyAddLoan@550ee7e5]" name="VerifyAddLoan" duration-ms="97299" started-at="2018-06-21T15:12:16Z" finished-at="2018-06-21T15:13:53Z">
          <reporter-output>
          </reporter-output>
        </test-method> <!-- VerifyAddLoan -->
      </class> <!-- com.stearns.suite.TC2_VerifyAddLoan -->
    </test> <!-- Test1 -->
  </suite> <!-- Suite -->
</testng-results>
